<?xml version="1.0" encoding="UTF-8"?>
<!-- Generated by org.testng.reporters.JUnitReportReporter -->
<testsuite skipped="0" hostname="DESKTOP-84VFAEK" name="com.logigear.trainning.test.demo.Login" tests="4" failures="0" timestamp="2020-01-11T13:09:32 ICT" time="10.329" errors="0">
  <testcase name="TC_001_Login_Successfully" time="4.178" classname="com.logigear.trainning.test.demo.Login"/>
  <testcase name="TC_002_Login_With_Blank_Username" time="1.956" classname="com.logigear.trainning.test.demo.Login"/>
  <testcase name="TC_003_Login_With_Blank_Account" time="2.055" classname="com.logigear.trainning.test.demo.Login"/>
  <testcase name="TC_004_Login_With_Unactive_Email" time="2.140" classname="com.logigear.trainning.test.demo.Login"/>
</testsuite> <!-- com.logigear.trainning.test.demo.Login -->
